CREATE TABLE T(url TEXT) distributed BY (url);
INSERT INTO T (SELECT 'www.widgets' || num::TEXT || '.com' FROM generate_series(1, 100) AS num);
INSERT INTO T (SELECT 'www.widgets' || num::TEXT || '.com' FROM generate_series(1, 100) AS num);
SELECT uuid_generate_v3(uuid_ns_dns(), t.url) FROM T;
           uuid_generate_v3           
--------------------------------------
 29be2215-60f6-38df-b2ee-c3c666c231b7
 b43e916b-8ab4-3d92-a48b-8906bdf91a7b
 5628945f-7850-3bcf-975e-b0ef14d7be1e
 6c9f8438-44b5-3d45-92b7-3cbb666c7d93
 536bbf6b-48de-30f6-94f0-9385f227066c
 8f866393-0655-3843-8626-7fb2e20cb759
 754a4fb2-8430-3f45-86a0-b62f77ddf609
 d446ecb7-af07-3bda-8808-5d86c66904fc
 b1219558-0d0e-3854-ad95-5837fceb316a
 04114c98-d25f-3813-ae10-65b980fb7469
 e45a49bb-6d02-3205-a272-647b8cafd0af
 7af736be-4bea-335f-870d-c034f43e6adf
 b89f1a11-812d-3bca-b4cc-64550b83fca8
 fbcecfda-d01c-3355-a6d1-307c2556ab94
 b00bf0ab-721f-34f0-ac5f-b1d8b66a8de4
 f3dd8382-4fff-3290-872f-b5f62430d909
 69f2b26f-399e-3920-854c-8fc11131fb6e
 51a97265-0ec4-37fe-9a17-bcca5452a9f6
 665d48db-9485-305d-9a85-dd44237d72fb
 e3ebbe15-6a4b-30b6-8007-e89b66849714
 f89c7b4d-3b69-39fe-91d3-76e736bfac72
 c0729279-b822-3f1a-a241-970ac2524ec1
 1b62511b-ede1-3cfc-b971-b1f60b35b793
 5ffe10a1-e036-39a2-bf6a-cd9df2c04c82
 6be63e43-a269-3322-9ad6-0b2cae954d1e
 e57dd8a5-4a3e-3508-a26e-91515016cc2c
 dd3c7718-96f0-3681-a279-1f9868f212c9
 d59cce56-afd5-3518-b60b-0fef8a62c772
 6ed31dc0-5de4-3562-9c70-0fbae5641cdb
 29be2215-60f6-38df-b2ee-c3c666c231b7
 b43e916b-8ab4-3d92-a48b-8906bdf91a7b
 5628945f-7850-3bcf-975e-b0ef14d7be1e
 6c9f8438-44b5-3d45-92b7-3cbb666c7d93
 536bbf6b-48de-30f6-94f0-9385f227066c
 8f866393-0655-3843-8626-7fb2e20cb759
 754a4fb2-8430-3f45-86a0-b62f77ddf609
 d446ecb7-af07-3bda-8808-5d86c66904fc
 b1219558-0d0e-3854-ad95-5837fceb316a
 04114c98-d25f-3813-ae10-65b980fb7469
 e45a49bb-6d02-3205-a272-647b8cafd0af
 7af736be-4bea-335f-870d-c034f43e6adf
 b89f1a11-812d-3bca-b4cc-64550b83fca8
 fbcecfda-d01c-3355-a6d1-307c2556ab94
 b00bf0ab-721f-34f0-ac5f-b1d8b66a8de4
 f3dd8382-4fff-3290-872f-b5f62430d909
 69f2b26f-399e-3920-854c-8fc11131fb6e
 51a97265-0ec4-37fe-9a17-bcca5452a9f6
 665d48db-9485-305d-9a85-dd44237d72fb
 e3ebbe15-6a4b-30b6-8007-e89b66849714
 f89c7b4d-3b69-39fe-91d3-76e736bfac72
 c0729279-b822-3f1a-a241-970ac2524ec1
 1b62511b-ede1-3cfc-b971-b1f60b35b793
 5ffe10a1-e036-39a2-bf6a-cd9df2c04c82
 6be63e43-a269-3322-9ad6-0b2cae954d1e
 e57dd8a5-4a3e-3508-a26e-91515016cc2c
 dd3c7718-96f0-3681-a279-1f9868f212c9
 d59cce56-afd5-3518-b60b-0fef8a62c772
 6ed31dc0-5de4-3562-9c70-0fbae5641cdb
 dc3c4a5d-ba34-3413-ac64-f33928e94e7b
 93bb5e90-120d-311b-b956-a56cabaadb8b
 a7217f03-3e1c-3eb4-a09b-55e1b80ef249
 22a15b7d-45c2-3d30-92f6-b242e4eb6c00
 ffd95ff6-8462-31ca-97bb-467eb62078d2
 6e742401-cc17-38d4-b795-2939f52f2ef7
 49eb6593-5b50-3c84-881b-de62d91c2c8e
 f23902de-7960-3636-9161-6b33e37f06a4
 b5e27dc9-71e8-3c0b-bfd5-91a7ee921256
 d0bcdf04-b557-36f2-8d94-6f66f4a6785c
 1fe4e65b-c97b-38c8-bb4d-3b33328b8304
 64fde4c2-468d-35cc-acf4-4fa5e40373d7
 dc8ef9a2-3626-3f08-81ad-82e82d9cd328
 9248b264-6f5f-3694-ace3-4c53155d1dc7
 466ddcc1-d9e2-3048-9353-9e95e24d11f0
 d6cf9da1-572e-3367-9c0b-cbbf15ae65cc
 dfaa180c-5161-3d55-b984-63fc203d3ec6
 602d09e3-aa01-3db3-967f-022772330bbf
 395a164b-4ad3-320a-b5da-6d862922dde7
 61d43bb3-cfa0-3b4c-838a-b508fef88692
 2941476f-651f-37f0-a17b-a0a1e8b3da75
 34d49d2c-ec8d-3974-87a5-ed6867e045f9
 147a9828-d09e-3376-89fa-91c5d87d571c
 34405538-bb7d-35cd-bdb2-56555396890c
 4d604b13-1cf6-338e-b4a2-537f75cd5d48
 358924d8-2674-3982-b543-5131cdb2bd70
 f7132ec4-fb11-39db-a178-99c1462928f7
 c1f29bde-b8d1-3f14-91b4-73ecc578e855
 da8bb45a-d53d-3309-8b43-e8ac8b559f9e
 a9a5564d-cccf-346d-834c-17657eeea54e
 9428e6a9-14cc-305d-b710-8b6e8b781a62
 b0860ba0-e097-3b7c-b21a-ef58c21700d2
 cd829084-6a6f-37ed-9778-bd29f7cdb7e9
 dc3c4a5d-ba34-3413-ac64-f33928e94e7b
 93bb5e90-120d-311b-b956-a56cabaadb8b
 a7217f03-3e1c-3eb4-a09b-55e1b80ef249
 22a15b7d-45c2-3d30-92f6-b242e4eb6c00
 ffd95ff6-8462-31ca-97bb-467eb62078d2
 6e742401-cc17-38d4-b795-2939f52f2ef7
 49eb6593-5b50-3c84-881b-de62d91c2c8e
 f23902de-7960-3636-9161-6b33e37f06a4
 b5e27dc9-71e8-3c0b-bfd5-91a7ee921256
 d0bcdf04-b557-36f2-8d94-6f66f4a6785c
 1fe4e65b-c97b-38c8-bb4d-3b33328b8304
 64fde4c2-468d-35cc-acf4-4fa5e40373d7
 dc8ef9a2-3626-3f08-81ad-82e82d9cd328
 9248b264-6f5f-3694-ace3-4c53155d1dc7
 466ddcc1-d9e2-3048-9353-9e95e24d11f0
 d6cf9da1-572e-3367-9c0b-cbbf15ae65cc
 dfaa180c-5161-3d55-b984-63fc203d3ec6
 602d09e3-aa01-3db3-967f-022772330bbf
 395a164b-4ad3-320a-b5da-6d862922dde7
 61d43bb3-cfa0-3b4c-838a-b508fef88692
 2941476f-651f-37f0-a17b-a0a1e8b3da75
 34d49d2c-ec8d-3974-87a5-ed6867e045f9
 147a9828-d09e-3376-89fa-91c5d87d571c
 34405538-bb7d-35cd-bdb2-56555396890c
 4d604b13-1cf6-338e-b4a2-537f75cd5d48
 358924d8-2674-3982-b543-5131cdb2bd70
 f7132ec4-fb11-39db-a178-99c1462928f7
 c1f29bde-b8d1-3f14-91b4-73ecc578e855
 da8bb45a-d53d-3309-8b43-e8ac8b559f9e
 a9a5564d-cccf-346d-834c-17657eeea54e
 9428e6a9-14cc-305d-b710-8b6e8b781a62
 b0860ba0-e097-3b7c-b21a-ef58c21700d2
 cd829084-6a6f-37ed-9778-bd29f7cdb7e9
 98354fe6-e587-3d94-a8f4-34ed26bef8d7
 b26c743e-c7d6-318d-85d7-5d62e9893cbb
 feddbc05-2236-39bf-8e69-c618f8923aac
 618c2213-f76f-3345-bd7f-1a792fbbd2e9
 8ce737bb-500c-39e9-90ff-096d70bd00da
 86851b55-0d47-3c5b-8563-796af16d98de
 f52a5af8-153e-3112-b39c-de3845454e98
 622fb3b8-26f8-38dd-acd0-fea66d09f0a7
 5f6b8b6b-564c-3c4c-8d5f-83bb3ff1784d
 b3ffdfad-c005-3b95-989c-55026c2a2cae
 303d6e46-de7a-38b9-a952-647fe2dc54d3
 42a2ebbb-7fbd-3288-953e-de05092100fb
 daca68df-57d2-32aa-9f36-1b8988835b56
 36481da2-1c3b-3c75-8cbc-8b5c1ddb940a
 7360e3ff-ad4d-34fc-a997-94db129b2968
 18f2c517-6ab3-3ae2-b658-0338bb7915d1
 031739f0-029d-3a0d-8611-c76eb5df7357
 0b6a5fc8-e067-334a-a4bc-85a76226237b
 ecdc7b1d-8156-397c-9c74-805e3bfdfd4f
 b3e19f42-9317-31e6-9f70-eaeab66c2694
 77ee1c14-0af4-35a7-8a97-744cfcc9b062
 4bb3a747-e6ea-3e19-8152-f2af91f0c173
 c9cec4ce-2400-3a49-9f61-5ad7b8cdcfb5
 9ca1fe0e-2345-3fae-a0e9-dd6f50a95acc
 efb630f0-230e-3c7a-9df1-5b7c154495ec
 fbe77584-1726-367f-86e4-ee66e8e9afc1
 33bc1554-0ac4-339f-8b7f-90d5fc086a9f
 5b8950f8-1933-35f7-a99c-c1febceb3285
 67f1e170-d9f2-3500-b0b4-9eab4aec9bba
 8d45318c-adee-3ad7-b77d-564d3b9c5547
 d4acc492-9a3a-3c30-8153-c24b558df2b0
 a44d685a-2d3d-30a7-9d8d-17a41a243a18
 0819b74a-1e3f-31cf-8e7d-dfe205b516b6
 38e63d02-2011-3b85-9550-a2af428a5815
 ad0b2194-4629-3202-8da7-f19f855993ec
 5ed345ef-c0ce-3798-8e86-bde8bc8906d6
 5906eaa0-e915-3322-a655-e601d1ad1953
 96276cec-23d5-366b-845e-383d5f1d3e47
 98354fe6-e587-3d94-a8f4-34ed26bef8d7
 b26c743e-c7d6-318d-85d7-5d62e9893cbb
 feddbc05-2236-39bf-8e69-c618f8923aac
 618c2213-f76f-3345-bd7f-1a792fbbd2e9
 8ce737bb-500c-39e9-90ff-096d70bd00da
 86851b55-0d47-3c5b-8563-796af16d98de
 f52a5af8-153e-3112-b39c-de3845454e98
 622fb3b8-26f8-38dd-acd0-fea66d09f0a7
 5f6b8b6b-564c-3c4c-8d5f-83bb3ff1784d
 b3ffdfad-c005-3b95-989c-55026c2a2cae
 303d6e46-de7a-38b9-a952-647fe2dc54d3
 42a2ebbb-7fbd-3288-953e-de05092100fb
 daca68df-57d2-32aa-9f36-1b8988835b56
 36481da2-1c3b-3c75-8cbc-8b5c1ddb940a
 7360e3ff-ad4d-34fc-a997-94db129b2968
 18f2c517-6ab3-3ae2-b658-0338bb7915d1
 031739f0-029d-3a0d-8611-c76eb5df7357
 0b6a5fc8-e067-334a-a4bc-85a76226237b
 ecdc7b1d-8156-397c-9c74-805e3bfdfd4f
 b3e19f42-9317-31e6-9f70-eaeab66c2694
 77ee1c14-0af4-35a7-8a97-744cfcc9b062
 4bb3a747-e6ea-3e19-8152-f2af91f0c173
 c9cec4ce-2400-3a49-9f61-5ad7b8cdcfb5
 9ca1fe0e-2345-3fae-a0e9-dd6f50a95acc
 efb630f0-230e-3c7a-9df1-5b7c154495ec
 fbe77584-1726-367f-86e4-ee66e8e9afc1
 33bc1554-0ac4-339f-8b7f-90d5fc086a9f
 5b8950f8-1933-35f7-a99c-c1febceb3285
 67f1e170-d9f2-3500-b0b4-9eab4aec9bba
 8d45318c-adee-3ad7-b77d-564d3b9c5547
 d4acc492-9a3a-3c30-8153-c24b558df2b0
 a44d685a-2d3d-30a7-9d8d-17a41a243a18
 0819b74a-1e3f-31cf-8e7d-dfe205b516b6
 38e63d02-2011-3b85-9550-a2af428a5815
 ad0b2194-4629-3202-8da7-f19f855993ec
 5ed345ef-c0ce-3798-8e86-bde8bc8906d6
 5906eaa0-e915-3322-a655-e601d1ad1953
 96276cec-23d5-366b-845e-383d5f1d3e47
(200 rows)

SELECT uuid_generate_v5(uuid_ns_dns(), t.url) FROM T;
           uuid_generate_v5           
--------------------------------------
 3f3e7898-6d82-57c1-b2cb-329a7b5673eb
 a770350d-869e-5362-af04-a9abb9aaf100
 2617bca3-41e4-572f-97bd-f8bcec10aeff
 e0832682-f984-5420-9851-67f80731e6c9
 f0e382c7-bcbe-5f13-93a7-9deef3e94208
 ea7413df-d44d-5b6f-b89c-5c9afa7c771f
 04b98017-112a-5309-ae1a-564a7ef0fb16
 99ea2315-b857-5633-8cfb-4f667b656f51
 d6529598-c98d-5f39-8832-7eb7df8524df
 c6d3dad9-c8f7-5b7f-aa3f-e9e0f21f0846
 939fcbe6-5ede-5b05-bb49-6e8a5bc51d94
 c61157ff-8807-51c1-9b83-a9aaa8916ec6
 f9b3da88-bf7a-5dba-a385-84f1fdb06da2
 e97e8f9a-ec6b-54f4-816c-97b4df252a8c
 40b36aa4-ec26-5711-b48b-22d8f6dc4365
 7b16e179-9e81-5b96-856f-3b4792d175cc
 62bd81d4-4c75-566d-a8a5-be50a104cb3d
 0d0e3792-0d8f-5bee-8338-eff41145f391
 249ccdfe-d8c0-558d-8a1b-031990afe87c
 2e5a16c1-9fef-5861-aea4-080dfffe690f
 c78e2867-9501-59a4-90a8-cbea0ecebd2c
 91998fe1-0337-5f26-8ab0-e9ab05232f6b
 f107be29-a0f3-5d28-93a4-7d8cab996915
 f98bf8fe-b0a2-5bde-bf45-f1adaaafa097
 f218d507-98f0-5615-abeb-4c3de767ad39
 a5c6bf89-37da-5f40-bddf-76af7a7f3549
 e75b3507-d79d-5463-b097-195aff875d30
 04e253f0-51f5-5a93-a409-a9d712b78e7f
 152abf0b-f2f2-5efc-978f-a18e0b5d5892
 3f3e7898-6d82-57c1-b2cb-329a7b5673eb
 a770350d-869e-5362-af04-a9abb9aaf100
 2617bca3-41e4-572f-97bd-f8bcec10aeff
 e0832682-f984-5420-9851-67f80731e6c9
 f0e382c7-bcbe-5f13-93a7-9deef3e94208
 ea7413df-d44d-5b6f-b89c-5c9afa7c771f
 04b98017-112a-5309-ae1a-564a7ef0fb16
 99ea2315-b857-5633-8cfb-4f667b656f51
 d6529598-c98d-5f39-8832-7eb7df8524df
 c6d3dad9-c8f7-5b7f-aa3f-e9e0f21f0846
 939fcbe6-5ede-5b05-bb49-6e8a5bc51d94
 c61157ff-8807-51c1-9b83-a9aaa8916ec6
 f9b3da88-bf7a-5dba-a385-84f1fdb06da2
 e97e8f9a-ec6b-54f4-816c-97b4df252a8c
 40b36aa4-ec26-5711-b48b-22d8f6dc4365
 7b16e179-9e81-5b96-856f-3b4792d175cc
 62bd81d4-4c75-566d-a8a5-be50a104cb3d
 0d0e3792-0d8f-5bee-8338-eff41145f391
 249ccdfe-d8c0-558d-8a1b-031990afe87c
 2e5a16c1-9fef-5861-aea4-080dfffe690f
 c78e2867-9501-59a4-90a8-cbea0ecebd2c
 91998fe1-0337-5f26-8ab0-e9ab05232f6b
 f107be29-a0f3-5d28-93a4-7d8cab996915
 f98bf8fe-b0a2-5bde-bf45-f1adaaafa097
 f218d507-98f0-5615-abeb-4c3de767ad39
 a5c6bf89-37da-5f40-bddf-76af7a7f3549
 e75b3507-d79d-5463-b097-195aff875d30
 04e253f0-51f5-5a93-a409-a9d712b78e7f
 152abf0b-f2f2-5efc-978f-a18e0b5d5892
 a50ae42f-b6d5-5a5b-a296-3cb649277111
 21db6ff5-da85-5acc-9276-2519f27e26b4
 65acceaa-5305-5ef2-a1c8-bc9431638ce2
 1b90ce6a-2f0f-5106-81f5-1b5df235aac5
 a6b8a966-4975-57cb-be02-3f9812e98da7
 4c2a0420-48f4-526d-b2d5-e244775091ef
 b9622586-4ab9-55d8-a8da-10b29d388b4b
 f3315663-a9ec-5860-a3b5-a3d8be14cfcb
 ad8ac924-71b9-5260-b3b3-309ef106b692
 72783fed-4a39-550c-bdbf-e5e16a69612a
 24173234-62c5-5788-a9bc-936564e70065
 13b4fd9e-45d8-5b38-9e5f-59d21f9b544a
 dc89b1b7-b7b1-5a06-9b89-444700d43fa1
 d4225eea-e2ae-58bf-9973-cef0f0b06976
 4e0a87ac-466d-5a70-a0de-4bfd817db85d
 cd246f85-f30c-5d58-b535-2aefaf561084
 57ed04f1-c86c-5d93-83a9-725a3853f293
 84b78873-2c09-5529-99a8-6b8eaf2ad582
 d0a5e6cb-af3d-5c0e-bf67-45415178c803
 90c6d5b4-c3c6-5409-afcd-fd1b6b4191ac
 22a186bb-322c-5b17-a832-4abff4d2d5f7
 bffd5756-de6c-5b6f-9b61-48b9dccdae60
 fd925968-a09e-5829-9012-3404086434c5
 1f34dc65-24da-59f7-b241-628aade817cd
 75ce1faa-bbbc-57b4-9bde-da46871d71f7
 fd11573e-2be1-528d-b2c2-a00517102875
 dee838e5-1217-55ca-83a2-f18a4ddc05e4
 d9d89f5c-6cd6-5da0-a81b-1d8ce9d68340
 d4638f20-9064-5294-a30f-5c05869623f2
 19358033-0616-53aa-8afd-b588f2bc6682
 e9cde122-1010-53d0-a6b3-7a2856ba5a02
 299c9d8f-7227-5f67-9bee-24598b36b3ef
 510675ce-5b1f-5fc0-8c28-27026d7a7468
 9b8c9751-b5c2-538d-8ffb-2e2d50e66848
 0f7b92e9-94f7-5508-8caf-0360f8f8fd51
 54d435c8-0c51-514f-80d4-0157032ee588
 7a0810d5-ec28-5326-a2bb-58db0fb6ee61
 64165db4-8398-515a-865f-cc9f4d5019c2
 a50ae42f-b6d5-5a5b-a296-3cb649277111
 21db6ff5-da85-5acc-9276-2519f27e26b4
 65acceaa-5305-5ef2-a1c8-bc9431638ce2
 1b90ce6a-2f0f-5106-81f5-1b5df235aac5
 a6b8a966-4975-57cb-be02-3f9812e98da7
 4c2a0420-48f4-526d-b2d5-e244775091ef
 b9622586-4ab9-55d8-a8da-10b29d388b4b
 f3315663-a9ec-5860-a3b5-a3d8be14cfcb
 ad8ac924-71b9-5260-b3b3-309ef106b692
 72783fed-4a39-550c-bdbf-e5e16a69612a
 24173234-62c5-5788-a9bc-936564e70065
 13b4fd9e-45d8-5b38-9e5f-59d21f9b544a
 dc89b1b7-b7b1-5a06-9b89-444700d43fa1
 d4225eea-e2ae-58bf-9973-cef0f0b06976
 4e0a87ac-466d-5a70-a0de-4bfd817db85d
 cd246f85-f30c-5d58-b535-2aefaf561084
 57ed04f1-c86c-5d93-83a9-725a3853f293
 84b78873-2c09-5529-99a8-6b8eaf2ad582
 d0a5e6cb-af3d-5c0e-bf67-45415178c803
 90c6d5b4-c3c6-5409-afcd-fd1b6b4191ac
 22a186bb-322c-5b17-a832-4abff4d2d5f7
 bffd5756-de6c-5b6f-9b61-48b9dccdae60
 fd925968-a09e-5829-9012-3404086434c5
 1f34dc65-24da-59f7-b241-628aade817cd
 75ce1faa-bbbc-57b4-9bde-da46871d71f7
 fd11573e-2be1-528d-b2c2-a00517102875
 dee838e5-1217-55ca-83a2-f18a4ddc05e4
 d9d89f5c-6cd6-5da0-a81b-1d8ce9d68340
 d4638f20-9064-5294-a30f-5c05869623f2
 19358033-0616-53aa-8afd-b588f2bc6682
 e9cde122-1010-53d0-a6b3-7a2856ba5a02
 299c9d8f-7227-5f67-9bee-24598b36b3ef
 510675ce-5b1f-5fc0-8c28-27026d7a7468
 9b8c9751-b5c2-538d-8ffb-2e2d50e66848
 0f7b92e9-94f7-5508-8caf-0360f8f8fd51
 54d435c8-0c51-514f-80d4-0157032ee588
 7a0810d5-ec28-5326-a2bb-58db0fb6ee61
 64165db4-8398-515a-865f-cc9f4d5019c2
 8adf267e-dd06-54df-9d44-4bcee22f47e1
 d8687a04-ed09-5837-9f8d-6333daa0f829
 bb46009a-5a08-5450-9ae7-25e9900e15a0
 8c605c5e-ea41-56d3-9adf-15bc087f4001
 f47511bd-c0d2-5b8e-abc5-ac7e371857a6
 84019716-2a4c-5bc8-8198-1c353aa8f1c2
 33564211-e23f-5531-aaa1-7fa08683baab
 4ecce7be-ba59-5c88-bd21-0b49212711d7
 b5724aaa-95c0-51d8-8e16-de404574ed6f
 a00b33e5-e381-5964-9403-1d0cf2815744
 c6a1eede-ca95-5442-9b4a-81abb9385f05
 62f05754-2364-5d53-89c9-925906eab9e7
 49e9aac5-8c3c-554f-86b2-3f3c66ccae14
 9d501a04-4af0-54b0-8efc-faaba8a33a74
 ba35fdd4-86dc-5a22-bc95-d09191c2c458
 e923bf2d-7afd-565c-bf0e-4697e3d5471c
 b20e1400-ce3c-5cbf-adc1-33e90a5b90b4
 3dda783e-8743-5172-8fc9-89a73b841af7
 2dba0c7b-3696-5b0a-afb7-1674d3d39cbe
 7fd38692-e57a-5779-ab8c-5ec7dd7f9837
 f3a9aca9-601d-5e67-8d18-b18b28918d0a
 d4c5cf55-1c2d-5543-8ff7-6e64c633728b
 63bce7e5-a33c-5b82-b1ee-bd600cc9b041
 4bcf3a78-7b22-5799-8282-51d6e57356e5
 c766230d-5e73-5eee-a445-6e6b9dd39791
 9d89bd0f-bd89-57c9-8991-00bda7566405
 14d414e1-a53e-5257-a92d-8a9f111a82e3
 97af60d7-58c3-5696-945f-6c1495a6dfb9
 0920e31e-e86b-5f57-9104-17081171c3e7
 3fa983bd-686c-5090-8065-f110e6400a5f
 e3404d6e-b72b-50f1-91c0-ed8e8a422946
 c051c089-642b-5189-8f4e-64cdff512aba
 fce3ae61-3435-5881-84e5-720562086e50
 8adf267e-dd06-54df-9d44-4bcee22f47e1
 d8687a04-ed09-5837-9f8d-6333daa0f829
 bb46009a-5a08-5450-9ae7-25e9900e15a0
 8c605c5e-ea41-56d3-9adf-15bc087f4001
 f47511bd-c0d2-5b8e-abc5-ac7e371857a6
 84019716-2a4c-5bc8-8198-1c353aa8f1c2
 33564211-e23f-5531-aaa1-7fa08683baab
 4ecce7be-ba59-5c88-bd21-0b49212711d7
 b5724aaa-95c0-51d8-8e16-de404574ed6f
 a00b33e5-e381-5964-9403-1d0cf2815744
 c6a1eede-ca95-5442-9b4a-81abb9385f05
 62f05754-2364-5d53-89c9-925906eab9e7
 49e9aac5-8c3c-554f-86b2-3f3c66ccae14
 9d501a04-4af0-54b0-8efc-faaba8a33a74
 ba35fdd4-86dc-5a22-bc95-d09191c2c458
 e923bf2d-7afd-565c-bf0e-4697e3d5471c
 b20e1400-ce3c-5cbf-adc1-33e90a5b90b4
 3dda783e-8743-5172-8fc9-89a73b841af7
 2dba0c7b-3696-5b0a-afb7-1674d3d39cbe
 7fd38692-e57a-5779-ab8c-5ec7dd7f9837
 f3a9aca9-601d-5e67-8d18-b18b28918d0a
 d4c5cf55-1c2d-5543-8ff7-6e64c633728b
 63bce7e5-a33c-5b82-b1ee-bd600cc9b041
 4bcf3a78-7b22-5799-8282-51d6e57356e5
 c766230d-5e73-5eee-a445-6e6b9dd39791
 9d89bd0f-bd89-57c9-8991-00bda7566405
 14d414e1-a53e-5257-a92d-8a9f111a82e3
 97af60d7-58c3-5696-945f-6c1495a6dfb9
 0920e31e-e86b-5f57-9104-17081171c3e7
 3fa983bd-686c-5090-8065-f110e6400a5f
 e3404d6e-b72b-50f1-91c0-ed8e8a422946
 c051c089-642b-5189-8f4e-64cdff512aba
 fce3ae61-3435-5881-84e5-720562086e50
(200 rows)

WITH T(ID) AS
	(SELECT uuid_generate_v1() FROM generate_series(1, 10000))
SELECT count(DISTINCT(ID)) FROM T;
 count 
-------
 10000
(1 row)

WITH T(ID) AS
	(SELECT uuid_generate_v1mc() FROM generate_series(1, 10000))
SELECT count(DISTINCT(ID)) FROM T;
 count 
-------
 10000
(1 row)

WITH T(ID) AS
	(SELECT uuid_generate_v4() FROM generate_series(1, 10000))
SELECT count(DISTINCT(ID)) FROM T;
 count 
-------
 10000
(1 row)

